# JRE version: 7.0_25-b17
# Java VM: Java HotSpot(TM) Client VM (23.25-b01 mixed mode, sharing windows-x86 )
Heap
 def new generation   total 10752K, used 8869K [0x24360000, 0x24f00000, 0x298b0000)
  eden space 9600K,  80% used [0x24360000, 0x24ae9788, 0x24cc0000)
  from space 1152K, 100% used [0x24cc0000, 0x24de0000, 0x24de0000)
  to   space 1152K,   0% used [0x24de0000, 0x24de0000, 0x24f00000)
 tenured generation   total 23700K, used 20582K [0x298b0000, 0x2afd5000, 0x34360000)
   the space 23700K,  86% used [0x298b0000, 0x2acc99f0, 0x2acc9a00, 0x2afd5000)
 compacting perm gen  total 12288K, used 9670K [0x34360000, 0x34f60000, 0x38360000)
   the space 12288K,  78% used [0x34360000, 0x34cd1a10, 0x34cd1c00, 0x34f60000)
    ro space 10240K,  45% used [0x38360000, 0x387e9b28, 0x387e9c00, 0x38d60000)
    rw space 12288K,  54% used [0x38d60000, 0x393ed0e8, 0x393ed200, 0x39960000)
GC Heap History (10 events):
Event: 6.742 GC heap before
{Heap before GC invocations=5 (full 0):
 def new generation   total 4928K, used 4272K [0x24360000, 0x248b0000, 0x298b0000)
  eden space 4416K,  95% used [0x24360000, 0x247839b8, 0x247b0000)
  from space 512K,   6% used [0x24830000, 0x24838960, 0x248b0000)
  to   space 512K,   0% used [0x247b0000, 0x247b0000, 0x24830000)
 tenured generation   total 10944K, used 10813K [0x298b0000, 0x2a360000, 0x34360000)
   the space 10944K,  98% used [0x298b0000, 0x2a33f488, 0x2a33f600, 0x2a360000)
 compacting perm gen  total 12288K, used 2201K [0x34360000, 0x34f60000, 0x38360000)
   the space 12288K,  17% used [0x34360000, 0x34586480, 0x34586600, 0x34f60000)
    ro space 10240K,  45% used [0x38360000, 0x387e9b28, 0x387e9c00, 0x38d60000)
    rw space 12288K,  54% used [0x38d60000, 0x393ed0e8, 0x393ed200, 0x39960000)
Event: 6.788 GC heap after
Heap after GC invocations=6 (full 1):
 def new generation   total 10752K, used 0K [0x24360000, 0x24f00000, 0x298b0000)
  eden space 9600K,   0% used [0x24360000, 0x24360000, 0x24cc0000)
  from space 1152K,   0% used [0x24cc0000, 0x24cc0000, 0x24de0000)
  to   space 1152K,   0% used [0x24de0000, 0x24de0000, 0x24f00000)
 tenured generation   total 23700K, used 14219K [0x298b0000, 0x2afd5000, 0x34360000)
   the space 23700K,  59% used [0x298b0000, 0x2a692c90, 0x2a692e00, 0x2afd5000)
 compacting perm gen  total 12288K, used 2201K [0x34360000, 0x34f60000, 0x38360000)
   the space 12288K,  17% used [0x34360000, 0x34586480, 0x34586600, 0x34f60000)
    ro space 10240K,  45% used [0x38360000, 0x387e9b28, 0x387e9c00, 0x38d60000)
    rw space 12288K,  54% used [0x38d60000, 0x393ed0e8, 0x393ed200, 0x39960000)
}
Event: 11.098 GC heap before
{Heap before GC invocations=6 (full 1):
 def new generation   total 10752K, used 9600K [0x24360000, 0x24f00000, 0x298b0000)
  eden space 9600K, 100% used [0x24360000, 0x24cc0000, 0x24cc0000)
  from space 1152K,   0% used [0x24cc0000, 0x24cc0000, 0x24de0000)
  to   space 1152K,   0% used [0x24de0000, 0x24de0000, 0x24f00000)
 tenured generation   total 23700K, used 14219K [0x298b0000, 0x2afd5000, 0x34360000)
   the space 23700K,  59% used [0x298b0000, 0x2a692c90, 0x2a692e00, 0x2afd5000)
 compacting perm gen  total 12288K, used 4567K [0x34360000, 0x34f60000, 0x38360000)
   the space 12288K,  37% used [0x34360000, 0x347d5e58, 0x347d6000, 0x34f60000)
    ro space 10240K,  45% used [0x38360000, 0x387e9b28, 0x387e9c00, 0x38d60000)
    rw space 12288K,  54% used [0x38d60000, 0x393ed0e8, 0x393ed200, 0x39960000)
Event: 11.105 GC heap after
Heap after GC invocations=7 (full 1):
 def new generation   total 10752K, used 1152K [0x24360000, 0x24f00000, 0x298b0000)
  eden space 9600K,   0% used [0x24360000, 0x24360000, 0x24cc0000)
  from space 1152K, 100% used [0x24de0000, 0x24f00000, 0x24f00000)
  to   space 1152K,   0% used [0x24cc0000, 0x24cc0000, 0x24de0000)
 tenured generation   total 23700K, used 16676K [0x298b0000, 0x2afd5000, 0x34360000)
   the space 23700K,  70% used [0x298b0000, 0x2a8f9038, 0x2a8f9200, 0x2afd5000)
 compacting perm gen  total 12288K, used 4567K [0x34360000, 0x34f60000, 0x38360000)
   the space 12288K,  37% used [0x34360000, 0x347d5e58, 0x347d6000, 0x34f60000)
    ro space 10240K,  45% used [0x38360000, 0x387e9b28, 0x387e9c00, 0x38d60000)
    rw space 12288K,  54% used [0x38d60000, 0x393ed0e8, 0x393ed200, 0x39960000)
}
Event: 11.296 GC heap before
{Heap before GC invocations=7 (full 1):
 def new generation   total 10752K, used 10736K [0x24360000, 0x24f00000, 0x298b0000)
  eden space 9600K,  99% used [0x24360000, 0x24cbc3f8, 0x24cc0000)
  from space 1152K, 100% used [0x24de0000, 0x24f00000, 0x24f00000)
  to   space 1152K,   0% used [0x24cc0000, 0x24cc0000, 0x24de0000)
 tenured generation   total 23700K, used 16676K [0x298b0000, 0x2afd5000, 0x34360000)
   the space 23700K,  70% used [0x298b0000, 0x2a8f9038, 0x2a8f9200, 0x2afd5000)
 compacting perm gen  total 12288K, used 5846K [0x34360000, 0x34f60000, 0x38360000)
   the space 12288K,  47% used [0x34360000, 0x349159d0, 0x34915a00, 0x34f60000)
    ro space 10240K,  45% used [0x38360000, 0x387e9b28, 0x387e9c00, 0x38d60000)
    rw space 12288K,  54% used [0x38d60000, 0x393ed0e8, 0x393ed200, 0x39960000)
Event: 11.302 GC heap after
Heap after GC invocations=8 (full 1):
 def new generation   total 10752K, used 1151K [0x24360000, 0x24f00000, 0x298b0000)
  eden space 9600K,   0% used [0x24360000, 0x24360000, 0x24cc0000)
  from space 1152K,  99% used [0x24cc0000, 0x24ddfff8, 0x24de0000)
  to   space 1152K,   0% used [0x24de0000, 0x24de0000, 0x24f00000)
 tenured generation   total 23700K, used 18363K [0x298b0000, 0x2afd5000, 0x34360000)
   the space 23700K,  77% used [0x298b0000, 0x2aa9ed18, 0x2aa9ee00, 0x2afd5000)
 compacting perm gen  total 12288K, used 5846K [0x34360000, 0x34f60000, 0x38360000)
   the space 12288K,  47% used [0x34360000, 0x349159d0, 0x34915a00, 0x34f60000)
    ro space 10240K,  45% used [0x38360000, 0x387e9b28, 0x387e9c00, 0x38d60000)
    rw space 12288K,  54% used [0x38d60000, 0x393ed0e8, 0x393ed200, 0x39960000)
}
Event: 11.595 GC heap before
{Heap before GC invocations=8 (full 1):
 def new generation   total 10752K, used 10751K [0x24360000, 0x24f00000, 0x298b0000)
  eden space 9600K, 100% used [0x24360000, 0x24cc0000, 0x24cc0000)
  from space 1152K,  99% used [0x24cc0000, 0x24ddfff8, 0x24de0000)
  to   space 1152K,   0% used [0x24de0000, 0x24de0000, 0x24f00000)
 tenured generation   total 23700K, used 18363K [0x298b0000, 0x2afd5000, 0x34360000)
   the space 23700K,  77% used [0x298b0000, 0x2aa9ed18, 0x2aa9ee00, 0x2afd5000)
 compacting perm gen  total 12288K, used 7703K [0x34360000, 0x34f60000, 0x38360000)
   the space 12288K,  62% used [0x34360000, 0x34ae5e98, 0x34ae6000, 0x34f60000)
    ro space 10240K,  45% used [0x38360000, 0x387e9b28, 0x387e9c00, 0x38d60000)
    rw space 12288K,  54% used [0x38d60000, 0x393ed0e8, 0x393ed200, 0x39960000)
Event: 11.602 GC heap after
Heap after GC invocations=9 (full 1):
 def new generation   total 10752K, used 1152K [0x24360000, 0x24f00000, 0x298b0000)
  eden space 9600K,   0% used [0x24360000, 0x24360000, 0x24cc0000)
  from space 1152K, 100% used [0x24de0000, 0x24f00000, 0x24f00000)
  to   space 1152K,   0% used [0x24cc0000, 0x24cc0000, 0x24de0000)
 tenured generation   total 23700K, used 19711K [0x298b0000, 0x2afd5000, 0x34360000)
   the space 23700K,  83% used [0x298b0000, 0x2abefdd8, 0x2abefe00, 0x2afd5000)
 compacting perm gen  total 12288K, used 7703K [0x34360000, 0x34f60000, 0x38360000)
   the space 12288K,  62% used [0x34360000, 0x34ae5e98, 0x34ae6000, 0x34f60000)
    ro space 10240K,  45% used [0x38360000, 0x387e9b28, 0x387e9c00, 0x38d60000)
    rw space 12288K,  54% used [0x38d60000, 0x393ed0e8, 0x393ed200, 0x39960000)
}
Event: 11.762 GC heap before
{Heap before GC invocations=9 (full 1):
 def new generation   total 10752K, used 10752K [0x24360000, 0x24f00000, 0x298b0000)
  eden space 9600K, 100% used [0x24360000, 0x24cc0000, 0x24cc0000)
  from space 1152K, 100% used [0x24de0000, 0x24f00000, 0x24f00000)
  to   space 1152K,   0% used [0x24cc0000, 0x24cc0000, 0x24de0000)
 tenured generation   total 23700K, used 19711K [0x298b0000, 0x2afd5000, 0x34360000)
   the space 23700K,  83% used [0x298b0000, 0x2abefdd8, 0x2abefe00, 0x2afd5000)
 compacting perm gen  total 12288K, used 8657K [0x34360000, 0x34f60000, 0x38360000)
   the space 12288K,  70% used [0x34360000, 0x34bd4508, 0x34bd4600, 0x34f60000)
    ro space 10240K,  45% used [0x38360000, 0x387e9b28, 0x387e9c00, 0x38d60000)
    rw space 12288K,  54% used [0x38d60000, 0x393ed0e8, 0x393ed200, 0x39960000)
Event: 11.767 GC heap after
Heap after GC invocations=10 (full 1):
 def new generation   total 10752K, used 1152K [0x24360000, 0x24f00000, 0x298b0000)
  eden space 9600K,   0% used [0x24360000, 0x24360000, 0x24cc0000)
  from space 1152K, 100% used [0x24cc0000, 0x24de0000, 0x24de0000)
  to   space 1152K,   0% used [0x24de0000, 0x24de0000, 0x24f00000)
 tenured generation   total 23700K, used 20582K [0x298b0000, 0x2afd5000, 0x34360000)
   the space 23700K,  86% used [0x298b0000, 0x2acc99f0, 0x2acc9a00, 0x2afd5000)
 compacting perm gen  total 12288K, used 8657K [0x34360000, 0x34f60000, 0x38360000)
   the space 12288K,  70% used [0x34360000, 0x34bd4508, 0x34bd4600, 0x34f60000)
    ro space 10240K,  45% used [0x38360000, 0x387e9b28, 0x387e9c00, 0x38d60000)
    rw space 12288K,  54% used [0x38d60000, 0x393ed0e8, 0x393ed200, 0x39960000)
}

