# JRE version: 7.0_25-b17
# Java VM: Java HotSpot(TM) Client VM (23.25-b01 mixed mode, sharing windows-x86 )
Heap
 def new generation   total 15680K, used 13540K [0x24360000, 0x25460000, 0x298b0000)
  eden space 13952K,  84% used [0x24360000, 0x24eea340, 0x25100000)
  from space 1728K,  99% used [0x252b0000, 0x2545f0b8, 0x25460000)
  to   space 1728K,   0% used [0x25100000, 0x25100000, 0x252b0000)
 tenured generation   total 34692K, used 22013K [0x298b0000, 0x2ba91000, 0x34360000)
   the space 34692K,  63% used [0x298b0000, 0x2ae2f420, 0x2ae2f600, 0x2ba91000)
 compacting perm gen  total 12288K, used 10842K [0x34360000, 0x34f60000, 0x38360000)
   the space 12288K,  88% used [0x34360000, 0x34df6810, 0x34df6a00, 0x34f60000)
    ro space 10240K,  45% used [0x38360000, 0x387e9b28, 0x387e9c00, 0x38d60000)
    rw space 12288K,  54% used [0x38d60000, 0x393ed0e8, 0x393ed200, 0x39960000)
GC Heap History (10 events):
Event: 8.374 GC heap before
{Heap before GC invocations=8 (full 1):
 def new generation   total 10752K, used 10737K [0x24360000, 0x24f00000, 0x298b0000)
  eden space 9600K,  99% used [0x24360000, 0x24cbc750, 0x24cc0000)
  from space 1152K, 100% used [0x24cc0000, 0x24de0000, 0x24de0000)
  to   space 1152K,   0% used [0x24de0000, 0x24de0000, 0x24f00000)
 tenured generation   total 23684K, used 19059K [0x298b0000, 0x2afd1000, 0x34360000)
   the space 23684K,  80% used [0x298b0000, 0x2ab4cdd0, 0x2ab4ce00, 0x2afd1000)
 compacting perm gen  total 12288K, used 6923K [0x34360000, 0x34f60000, 0x38360000)
   the space 12288K,  56% used [0x34360000, 0x34a22dc0, 0x34a22e00, 0x34f60000)
    ro space 10240K,  45% used [0x38360000, 0x387e9b28, 0x387e9c00, 0x38d60000)
    rw space 12288K,  54% used [0x38d60000, 0x393ed0e8, 0x393ed200, 0x39960000)
Event: 8.381 GC heap after
Heap after GC invocations=9 (full 1):
 def new generation   total 10752K, used 1151K [0x24360000, 0x24f00000, 0x298b0000)
  eden space 9600K,   0% used [0x24360000, 0x24360000, 0x24cc0000)
  from space 1152K,  99% used [0x24de0000, 0x24effff8, 0x24f00000)
  to   space 1152K,   0% used [0x24cc0000, 0x24cc0000, 0x24de0000)
 tenured generation   total 23684K, used 20497K [0x298b0000, 0x2afd1000, 0x34360000)
   the space 23684K,  86% used [0x298b0000, 0x2acb4470, 0x2acb4600, 0x2afd1000)
 compacting perm gen  total 12288K, used 6923K [0x34360000, 0x34f60000, 0x38360000)
   the space 12288K,  56% used [0x34360000, 0x34a22dc0, 0x34a22e00, 0x34f60000)
    ro space 10240K,  45% used [0x38360000, 0x387e9b28, 0x387e9c00, 0x38d60000)
    rw space 12288K,  54% used [0x38d60000, 0x393ed0e8, 0x393ed200, 0x39960000)
}
Event: 8.650 GC heap before
{Heap before GC invocations=9 (full 1):
 def new generation   total 10752K, used 10751K [0x24360000, 0x24f00000, 0x298b0000)
  eden space 9600K, 100% used [0x24360000, 0x24cc0000, 0x24cc0000)
  from space 1152K,  99% used [0x24de0000, 0x24effff8, 0x24f00000)
  to   space 1152K,   0% used [0x24cc0000, 0x24cc0000, 0x24de0000)
 tenured generation   total 23684K, used 20497K [0x298b0000, 0x2afd1000, 0x34360000)
   the space 23684K,  86% used [0x298b0000, 0x2acb4470, 0x2acb4600, 0x2afd1000)
 compacting perm gen  total 12288K, used 8538K [0x34360000, 0x34f60000, 0x38360000)
   the space 12288K,  69% used [0x34360000, 0x34bb6b70, 0x34bb6c00, 0x34f60000)
    ro space 10240K,  45% used [0x38360000, 0x387e9b28, 0x387e9c00, 0x38d60000)
    rw space 12288K,  54% used [0x38d60000, 0x393ed0e8, 0x393ed200, 0x39960000)
Event: 8.657 GC heap after
Heap after GC invocations=10 (full 1):
 def new generation   total 10752K, used 1152K [0x24360000, 0x24f00000, 0x298b0000)
  eden space 9600K,   0% used [0x24360000, 0x24360000, 0x24cc0000)
  from space 1152K, 100% used [0x24cc0000, 0x24de0000, 0x24de0000)
  to   space 1152K,   0% used [0x24de0000, 0x24de0000, 0x24f00000)
 tenured generation   total 23684K, used 21790K [0x298b0000, 0x2afd1000, 0x34360000)
   the space 23684K,  92% used [0x298b0000, 0x2adf7ad8, 0x2adf7c00, 0x2afd1000)
 compacting perm gen  total 12288K, used 8538K [0x34360000, 0x34f60000, 0x38360000)
   the space 12288K,  69% used [0x34360000, 0x34bb6b70, 0x34bb6c00, 0x34f60000)
    ro space 10240K,  45% used [0x38360000, 0x387e9b28, 0x387e9c00, 0x38d60000)
    rw space 12288K,  54% used [0x38d60000, 0x393ed0e8, 0x393ed200, 0x39960000)
}
Event: 8.818 GC heap before
{Heap before GC invocations=10 (full 1):
 def new generation   total 10752K, used 10752K [0x24360000, 0x24f00000, 0x298b0000)
  eden space 9600K, 100% used [0x24360000, 0x24cc0000, 0x24cc0000)
  from space 1152K, 100% used [0x24cc0000, 0x24de0000, 0x24de0000)
  to   space 1152K,   0% used [0x24de0000, 0x24de0000, 0x24f00000)
 tenured generation   total 23684K, used 21790K [0x298b0000, 0x2afd1000, 0x34360000)
   the space 23684K,  92% used [0x298b0000, 0x2adf7ad8, 0x2adf7c00, 0x2afd1000)
 compacting perm gen  total 12288K, used 9566K [0x34360000, 0x34f60000, 0x38360000)
   the space 12288K,  77% used [0x34360000, 0x34cb7a28, 0x34cb7c00, 0x34f60000)
    ro space 10240K,  45% used [0x38360000, 0x387e9b28, 0x387e9c00, 0x38d60000)
    rw space 12288K,  54% used [0x38d60000, 0x393ed0e8, 0x393ed200, 0x39960000)
Event: 8.823 GC heap after
Heap after GC invocations=11 (full 1):
 def new generation   total 10752K, used 1152K [0x24360000, 0x24f00000, 0x298b0000)
  eden space 9600K,   0% used [0x24360000, 0x24360000, 0x24cc0000)
  from space 1152K, 100% used [0x24de0000, 0x24f00000, 0x24f00000)
  to   space 1152K,   0% used [0x24cc0000, 0x24cc0000, 0x24de0000)
 tenured generation   total 23684K, used 22601K [0x298b0000, 0x2afd1000, 0x34360000)
   the space 23684K,  95% used [0x298b0000, 0x2aec2678, 0x2aec2800, 0x2afd1000)
 compacting perm gen  total 12288K, used 9566K [0x34360000, 0x34f60000, 0x38360000)
   the space 12288K,  77% used [0x34360000, 0x34cb7a28, 0x34cb7c00, 0x34f60000)
    ro space 10240K,  45% used [0x38360000, 0x387e9b28, 0x387e9c00, 0x38d60000)
    rw space 12288K,  54% used [0x38d60000, 0x393ed0e8, 0x393ed200, 0x39960000)
}
Event: 49.729 GC heap before
{Heap before GC invocations=11 (full 1):
 def new generation   total 10752K, used 10236K [0x24360000, 0x24f00000, 0x298b0000)
  eden space 9600K,  94% used [0x24360000, 0x24c3f348, 0x24cc0000)
  from space 1152K, 100% used [0x24de0000, 0x24f00000, 0x24f00000)
  to   space 1152K,   0% used [0x24cc0000, 0x24cc0000, 0x24de0000)
 tenured generation   total 23684K, used 22601K [0x298b0000, 0x2afd1000, 0x34360000)
   the space 23684K,  95% used [0x298b0000, 0x2aec2678, 0x2aec2800, 0x2afd1000)
 compacting perm gen  total 12288K, used 10429K [0x34360000, 0x34f60000, 0x38360000)
   the space 12288K,  84% used [0x34360000, 0x34d8f7a8, 0x34d8f800, 0x34f60000)
    ro space 10240K,  45% used [0x38360000, 0x387e9b28, 0x387e9c00, 0x38d60000)
    rw space 12288K,  54% used [0x38d60000, 0x393ed0e8, 0x393ed200, 0x39960000)
Event: 49.806 GC heap after
Heap after GC invocations=12 (full 2):
 def new generation   total 15680K, used 0K [0x24360000, 0x25460000, 0x298b0000)
  eden space 13952K,   0% used [0x24360000, 0x24360000, 0x25100000)
  from space 1728K,   0% used [0x25100000, 0x25100000, 0x252b0000)
  to   space 1728K,   0% used [0x252b0000, 0x252b0000, 0x25460000)
 tenured generation   total 34692K, used 20813K [0x298b0000, 0x2ba91000, 0x34360000)
   the space 34692K,  59% used [0x298b0000, 0x2ad03410, 0x2ad03600, 0x2ba91000)
 compacting perm gen  total 12288K, used 10429K [0x34360000, 0x34f60000, 0x38360000)
   the space 12288K,  84% used [0x34360000, 0x34d8f7a8, 0x34d8f800, 0x34f60000)
    ro space 10240K,  45% used [0x38360000, 0x387e9b28, 0x387e9c00, 0x38d60000)
    rw space 12288K,  54% used [0x38d60000, 0x393ed0e8, 0x393ed200, 0x39960000)
}
Event: 113.581 GC heap before
{Heap before GC invocations=12 (full 2):
 def new generation   total 15680K, used 13680K [0x24360000, 0x25460000, 0x298b0000)
  eden space 13952K,  98% used [0x24360000, 0x250bc270, 0x25100000)
  from space 1728K,   0% used [0x25100000, 0x25100000, 0x252b0000)
  to   space 1728K,   0% used [0x252b0000, 0x252b0000, 0x25460000)
 tenured generation   total 34692K, used 20813K [0x298b0000, 0x2ba91000, 0x34360000)
   the space 34692K,  59% used [0x298b0000, 0x2ad03410, 0x2ad03600, 0x2ba91000)
 compacting perm gen  total 12288K, used 10817K [0x34360000, 0x34f60000, 0x38360000)
   the space 12288K,  88% used [0x34360000, 0x34df05e8, 0x34df0600, 0x34f60000)
    ro space 10240K,  45% used [0x38360000, 0x387e9b28, 0x387e9c00, 0x38d60000)
    rw space 12288K,  54% used [0x38d60000, 0x393ed0e8, 0x393ed200, 0x39960000)
Event: 113.589 GC heap after
Heap after GC invocations=13 (full 2):
 def new generation   total 15680K, used 1724K [0x24360000, 0x25460000, 0x298b0000)
  eden space 13952K,   0% used [0x24360000, 0x24360000, 0x25100000)
  from space 1728K,  99% used [0x252b0000, 0x2545f0b8, 0x25460000)
  to   space 1728K,   0% used [0x25100000, 0x25100000, 0x252b0000)
 tenured generation   total 34692K, used 22013K [0x298b0000, 0x2ba91000, 0x34360000)
   the space 34692K,  63% used [0x298b0000, 0x2ae2f420, 0x2ae2f600, 0x2ba91000)
 compacting perm gen  total 12288K, used 10817K [0x34360000, 0x34f60000, 0x38360000)
   the space 12288K,  88% used [0x34360000, 0x34df05e8, 0x34df0600, 0x34f60000)
    ro space 10240K,  45% used [0x38360000, 0x387e9b28, 0x387e9c00, 0x38d60000)
    rw space 12288K,  54% used [0x38d60000, 0x393ed0e8, 0x393ed200, 0x39960000)
}

